<?xml version="1.0" encoding="UTF-8"?>
<!-- Generated by org.testng.reporters.JUnitXMLReporter -->
<testsuite ignored="2" hostname="Onkars-MacBook-Air.local" failures="0" tests="2" name="Surefire test" time="1.438" errors="0" timestamp="2025-06-21T14:27:40 IST">
  <testcase classname="SeleniumActionsTest" name="openPage" time="1.084"/>
  <testcase classname="SeleniumActionsTest" name="getTitle" time="0.342"/>
  <testcase classname="BaseTest" name="@AfterSuite tearDown" time="0.0">
    <ignored/>
  </testcase> <!-- @AfterSuite tearDown -->
  <testcase classname="BaseTest" name="@BeforeSuite setup" time="0.0">
    <ignored/>
  </testcase> <!-- @BeforeSuite setup -->
</testsuite> <!-- Surefire test -->
