<?xml version="1.0" encoding="UTF-8"?>
<!-- Generated by org.testng.reporters.JUnitXMLReporter -->
<testsuite ignored="2" hostname="Onkars-MacBook-Air.local" failures="1" tests="5" name="Surefire test" time="7.488" errors="0" timestamp="2025-06-22T13:51:15 IST">
  <testcase classname="readFilesTest" name="read_excel" time="0.0">
    <failure type="org.testng.TestNGException" message="
Cannot inject @Test annotated Method [read_excel] with [class java.lang.String].
For more information on native dependency injection please refer to https://testng.org/doc/documentation-main.html#native-dependency-injection">
      <![CDATA[org.testng.TestNGException: 
Cannot inject @Test annotated Method [read_excel] with [class java.lang.String].
For more information on native dependency injection please refer to https://testng.org/doc/documentation-main.html#native-dependency-injection
at java.base/java.util.ArrayList.forEach(ArrayList.java:1597)
... Removed 31 stack frames]]>
    </failure>
  </testcase> <!-- read_excel -->
  <testcase classname="SeleniumActionsTest" name="test_automcomplete" time="1.308"/>
  <testcase classname="SeleniumActionsTest" name="openPage" time="2.994"/>
  <testcase classname="SeleniumActionsTest" name="getTitle" time="0.17"/>
  <testcase classname="SeleniumActionsTest" name="test_registraction_form" time="3.002"/>
  <testcase classname="BaseTest" name="@BeforeSuite setup" time="0.0">
    <ignored/>
  </testcase> <!-- @BeforeSuite setup -->
  <testcase classname="BaseTest" name="@AfterSuite tearDown" time="0.0">
    <ignored/>
  </testcase> <!-- @AfterSuite tearDown -->
</testsuite> <!-- Surefire test -->
