<?xml version="1.0" encoding="UTF-8"?>
<testng-results ignored="0" total="2" passed="2" failed="0" skipped="0">
  <reporter-output>
  </reporter-output>
  <suite started-at="2025-06-15T21:55:23 IST" name="Surefire suite" finished-at="2025-06-15T21:55:23 IST" duration-ms="17">
    <groups>
    </groups>
    <test started-at="2025-06-15T21:55:23 IST" name="Surefire test" finished-at="2025-06-15T21:55:23 IST" duration-ms="17">
      <class name="com.test.AppTest">
        <test-method signature="test_login()[pri:0, instance:com.test.AppTest@41ee392b]" started-at="2025-06-15T21:55:23 IST" name="test_login" finished-at="2025-06-15T21:55:23 IST" duration-ms="2" status="PASS">
          <reporter-output>
          </reporter-output>
        </test-method> <!-- test_login -->
        <test-method signature="test_login_2()[pri:0, instance:com.test.AppTest@41ee392b]" started-at="2025-06-15T21:55:23 IST" name="test_login_2" finished-at="2025-06-15T21:55:23 IST" duration-ms="0" status="PASS">
          <reporter-output>
          </reporter-output>
        </test-method> <!-- test_login_2 -->
      </class> <!-- com.test.AppTest -->
    </test> <!-- Surefire test -->
  </suite> <!-- Surefire suite -->
</testng-results>
