<?xml version="1.0" encoding="UTF-8"?>
<testsuite xmlns:xsi="http://www.w3.org/2001/XMLSchema-instance" xsi:noNamespaceSchemaLocation="https://maven.apache.org/surefire/maven-surefire-plugin/xsd/surefire-test-report-3.0.xsd" version="3.0" name="TestSuite" time="3.048" tests="2" errors="0" skipped="0" failures="0">
  <properties>
[...]
</properties>
  <testcase name="openPage" classname="SeleniumActionsTest" time="1.086">
    <system-out><![CDATA[Page opened
]]></system-out>
    <system-err><![CDATA[SLF4J: Failed to load class "org.slf4j.impl.StaticLoggerBinder".
SLF4J: Defaulting to no-operation (NOP) logger implementation
SLF4J: See http://www.slf4j.org/codes.html#StaticLoggerBinder for further details.
Jun 21, 2025 2:27:38 PM org.openqa.selenium.devtools.CdpVersionFinder findNearestMatch
WARNING: Unable to find CDP implementation matching 137
Jun 21, 2025 2:27:38 PM org.openqa.selenium.chromium.ChromiumDriver lambda$new$5
WARNING: Unable to find version of CDP to use for 137.0.7151.120. You may need to include a dependency on a specific version of the CDP using something similar to `org.seleniumhq.selenium:selenium-devtools-v86:4.20.0` where the version ("v86") matches the version of the chromium-based browser you're using and the version number of the artifact is the same as Selenium's.
Driver launching....
]]></system-err>
  </testcase>
  <testcase name="getTitle" classname="SeleniumActionsTest" time="0.338">
    <system-out><![CDATA[screenshot is saved.....
]]></system-out>
    <system-err><![CDATA[Page title is = [[ChromeDriver: chrome on mac (702158031e787d292cb2c7dc5dbdeb9e)] -> xpath: //h1[normalize-space()='Automation Demo Site']]
]]></system-err>
  </testcase>
</testsuite>