<?xml version="1.0" encoding="UTF-8"?>
<!-- Generated by org.testng.reporters.JUnitReportReporter -->
<testsuite hostname="Onkars-MacBook-Air.local" failures="0" tests="4" name="SeleniumActionsTest" time="7.474" errors="0" timestamp="2025-06-22T13:51:15 IST" skipped="0">
  <testcase classname="SeleniumActionsTest" name="test_automcomplete" time="1.308"/>
  <testcase classname="SeleniumActionsTest" name="openPage" time="2.994"/>
  <testcase classname="SeleniumActionsTest" name="getTitle" time="0.170"/>
  <testcase classname="SeleniumActionsTest" name="test_registraction_form" time="3.002"/>
</testsuite> <!-- SeleniumActionsTest -->
